[0;34m=== Building and Deploying Contracts ===[0m

[1;33m=== Processing ERC20Token ===[0m
[0;32mâœ“ Copied Rust source[0m
[0;32mâœ“ Created project structure[0m
[0;34mBuilding ERC20Token...[0m
[0;31mâœ— Build failed[0m
Build log:
    Updating crates.io index
     Locking 142 packages to latest compatible versions
      Adding bitflags v2.9.0 (available: v2.10.0)
      Adding multiversx-sc v0.57.1 (available: v0.62.1)
      Adding multiversx-sc-codec v0.22.0 (available: v0.22.1)
      Adding multiversx-sc-codec-derive v0.22.0 (available: v0.22.1)
      Adding multiversx-sc-scenario v0.57.1 (available: v0.62.1)
      Adding proc-macro2 v1.0.94 (available: v1.0.103)
      Adding quote v1.0.39 (available: v1.0.41)
      Adding syn v2.0.100 (available: v2.0.108)
 /Users/kaan/Desktop/XTract/demo/erc20token

Found 1 contract crates.

(1/1)
In /Users/kaan/Desktop/XTract/demo/erc20token/meta
Calling `cargo run build`
    Updating crates.io index
     Locking 100 packages to latest compatible versions
      Adding bitflags v2.9.0 (available: v2.10.0)
      Adding multiversx-sc-codec v0.22.0 (available: v0.22.1)
      Adding multiversx-sc-codec-derive v0.22.0 (available: v0.22.1)
      Adding multiversx-sc-meta-lib v0.57.1 (available: v0.62.1)
      Adding proc-macro2 v1.0.94 (available: v1.0.103)
      Adding quote v1.0.39 (available: v1.0.41)
      Adding syn v2.0.100 (available: v2.0.108)
   Compiling proc-macro2 v1.0.94
   Compiling unicode-ident v1.0.22
   Compiling serde_core v1.0.228
   Compiling autocfg v1.5.0
   Compiling serde v1.0.228
   Compiling bitflags v2.9.0
   Compiling hex v0.4.3
   Compiling typenum v1.19.0
   Compiling smallvec v1.15.1
   Compiling hashbrown v0.16.0
   Compiling rustversion v1.0.22
   Compiling equivalent v1.0.2
   Compiling nibble_vec v0.1.0
   Compiling wasm-encoder v0.240.0
   Compiling unwrap-infallible v0.1.5
   Compiling arrayvec v0.7.6
   Compiling utf8parse v0.2.2
   Compiling endian-type v0.1.2
   Compiling num-traits v0.2.19
   Compiling radix_trie v0.2.1
   Compiling anstyle-parse v0.2.7
   Compiling colorchoice v1.0.4
   Compiling is_terminal_polyfill v1.70.2
   Compiling anstyle-query v1.1.4
   Compiling leb128fmt v0.1.0
   Compiling semver v1.0.27
   Compiling memchr v2.7.6
   Compiling foldhash v0.1.5
   Compiling anyhow v1.0.100
   Compiling anstyle v1.0.13
   Compiling quote v1.0.39
   Compiling wasmparser v0.227.1
   Compiling anstream v0.6.21
   Compiling syn v2.0.100
   Compiling clap_lex v0.7.6
   Compiling strsim v0.11.1
   Compiling winnow v0.7.13
   Compiling bumpalo v3.19.0
   Compiling serde_json v1.0.145
   Compiling generic-array v1.3.5
   Compiling heck v0.5.0
   Compiling toml_write v0.1.2
   Compiling unicode-width v0.2.2
   Compiling hex-literal v0.4.1
   Compiling clap_builder v4.5.51
   Compiling unicode-segmentation v1.12.0
   Compiling num-integer v0.1.46
   Compiling indexmap v2.12.0
   Compiling wast v240.0.0
   Compiling itoa v1.0.15
   Compiling num-bigint v0.4.6
   Compiling termcolor v1.4.1
   Compiling ryu v1.0.20
   Compiling convert_case v0.8.0
   Compiling rustc_version v0.4.1
   Compiling lazy_static v1.5.0
   Compiling colored v3.0.0
   Compiling serde_derive v1.0.228
   Compiling multiversx-sc-codec-derive v0.22.0
   Compiling multiversx-sc-derive v0.57.1
   Compiling clap_derive v4.5.49
   Compiling multiversx-sc-codec v0.22.0
   Compiling clap v4.5.51
   Compiling multiversx-chain-core v0.14.0
   Compiling multiversx-sc v0.57.1
   Compiling hashbrown v0.15.5
   Compiling serde_spanned v0.6.9
   Compiling toml_datetime v0.6.11
   Compiling toml_edit v0.22.27
   Compiling wat v1.240.0
   Compiling toml v0.8.23
   Compiling erc20token v0.1.0 (/Users/kaan/Desktop/XTract/demo/erc20token)
error: unexpected end of macro invocation
   --> /Users/kaan/Desktop/XTract/demo/erc20token/src/lib.rs:25:48
    |
25  |         require!(self.balance().get() >= _value);
    |                                                ^ missing tokens in macro arguments
    |
note: while trying to match `,`
   --> /Users/kaan/.cargo/registry/src/index.crates.io-1949cf8c6b5b557f/multiversx-sc-0.57.1/src/macros.rs:102:22
    |
102 |     ($expression:expr, $($msg_tokens:tt),+  $(,)?) => {
    |                      ^

warning: unused import: `multiversx_sc::derive_imports::*`
 --> /Users/kaan/Desktop/XTract/demo/erc20token/src/lib.rs:4:5
  |
4 | use multiversx_sc::derive_imports::*;
  |     ^^^^^^^^^^^^^^^^^^^^^^^^^^^^^^^^
  |
  = note: `#[warn(unused_imports)]` on by default

error[E0277]: the trait bound `&{integer}: Borrow<BigUint<<Self as ContractBase>::Api>>` is not satisfied
  --> /Users/kaan/Desktop/XTract/demo/erc20token/src/lib.rs:19:33
   |
19 |         self.total_supply().set(&1000000000000000000000000);
   |                             --- ^^^^^^^^^^^^^^^^^^^^^^^^^^ unsatisfied trait bound
   |                             |
   |                             required by a bound introduced by this call
   |
   = help: the trait `Borrow<multiversx_sc::types::BigUint<<Self as multiversx_sc::contract_base::ContractBase>::Api>>` is not implemented for `&{integer}`
note: required by a bound in `multiversx_sc::imports::SingleValueMapper::<SA, T>::set`
  --> /Users/kaan/.cargo/registry/src/index.crates.io-1949cf8c6b5b557f/multiversx-sc-0.57.1/src/storage/mappers/single_value_mapper.rs:95:13
   |
93 |     pub fn set<BT>(&self, new_value: BT)
   |            --- required by a bound in this associated function
94 |     where
95 |         BT: Borrow<T>,
   |             ^^^^^^^^^ required by this bound in `SingleValueMapper::<SA, T>::set`
   = note: the full name for the type has been written to '/Users/kaan/Desktop/XTract/demo/erc20token/meta/target/debug/deps/erc20token.long-type-6395829948889465090.txt'
   = note: consider using `--verbose` to print the full type name to the console

For more information about this error, try `rustc --explain E0277`.
warning: `erc20token` (lib) generated 1 warning
error: could not compile `erc20token` (lib) due to 2 previous errors; 1 warning emitted
warning: build failed, waiting for other jobs to finish...

thread 'main' panicked at /Users/kaan/.cargo/registry/src/index.crates.io-1949cf8c6b5b557f/multiversx-sc-meta-0.62.1/src/cmd/all.rs:59:5:
contract meta process failed
note: run with `RUST_BACKTRACE=1` environment variable to display a backtrace
[1;33m=== Processing Voting ===[0m
[0;32mâœ“ Copied Rust source[0m
[0;32mâœ“ Created project structure[0m
[0;34mBuilding Voting...[0m
[0;31mâœ— Build failed[0m
Build log:
    Updating crates.io index
     Locking 142 packages to latest compatible versions
      Adding bitflags v2.9.0 (available: v2.10.0)
      Adding multiversx-sc v0.57.1 (available: v0.62.1)
      Adding multiversx-sc-codec v0.22.0 (available: v0.22.1)
      Adding multiversx-sc-codec-derive v0.22.0 (available: v0.22.1)
      Adding multiversx-sc-scenario v0.57.1 (available: v0.62.1)
      Adding proc-macro2 v1.0.94 (available: v1.0.103)
      Adding quote v1.0.39 (available: v1.0.41)
      Adding syn v2.0.100 (available: v2.0.108)
 /Users/kaan/Desktop/XTract/demo/voting

Found 1 contract crates.

(1/1)
In /Users/kaan/Desktop/XTract/demo/voting/meta
Calling `cargo run build`
    Updating crates.io index
     Locking 100 packages to latest compatible versions
      Adding bitflags v2.9.0 (available: v2.10.0)
      Adding multiversx-sc-codec v0.22.0 (available: v0.22.1)
      Adding multiversx-sc-codec-derive v0.22.0 (available: v0.22.1)
      Adding multiversx-sc-meta-lib v0.57.1 (available: v0.62.1)
      Adding proc-macro2 v1.0.94 (available: v1.0.103)
      Adding quote v1.0.39 (available: v1.0.41)
      Adding syn v2.0.100 (available: v2.0.108)
   Compiling proc-macro2 v1.0.94
   Compiling unicode-ident v1.0.22
   Compiling serde_core v1.0.228
   Compiling autocfg v1.5.0
   Compiling serde v1.0.228
   Compiling bitflags v2.9.0
   Compiling hex v0.4.3
   Compiling smallvec v1.15.1
   Compiling typenum v1.19.0
   Compiling hashbrown v0.16.0
   Compiling equivalent v1.0.2
   Compiling rustversion v1.0.22
   Compiling arrayvec v0.7.6
   Compiling nibble_vec v0.1.0
   Compiling wasm-encoder v0.240.0
   Compiling unwrap-infallible v0.1.5
   Compiling utf8parse v0.2.2
   Compiling endian-type v0.1.2
   Compiling num-traits v0.2.19
   Compiling anstyle-parse v0.2.7
   Compiling radix_trie v0.2.1
   Compiling wasmparser v0.227.1
   Compiling memchr v2.7.6
   Compiling foldhash v0.1.5
   Compiling is_terminal_polyfill v1.70.2
   Compiling colorchoice v1.0.4
   Compiling leb128fmt v0.1.0
   Compiling semver v1.0.27
   Compiling anyhow v1.0.100
   Compiling anstyle-query v1.1.4
   Compiling anstyle v1.0.13
   Compiling quote v1.0.39
   Compiling anstream v0.6.21
   Compiling syn v2.0.100
   Compiling clap_lex v0.7.6
   Compiling heck v0.5.0
   Compiling toml_write v0.1.2
   Compiling serde_json v1.0.145
   Compiling bumpalo v3.19.0
   Compiling strsim v0.11.1
   Compiling generic-array v1.3.5
   Compiling unicode-width v0.2.2
   Compiling winnow v0.7.13
   Compiling hex-literal v0.4.1
   Compiling clap_builder v4.5.51
   Compiling termcolor v1.4.1
   Compiling unicode-segmentation v1.12.0
   Compiling num-integer v0.1.46
   Compiling wast v240.0.0
   Compiling itoa v1.0.15
   Compiling num-bigint v0.4.6
   Compiling indexmap v2.12.0
   Compiling ryu v1.0.20
   Compiling convert_case v0.8.0
   Compiling rustc_version v0.4.1
   Compiling lazy_static v1.5.0
   Compiling colored v3.0.0
   Compiling serde_derive v1.0.228
   Compiling multiversx-sc-codec-derive v0.22.0
   Compiling multiversx-sc-derive v0.57.1
   Compiling clap_derive v4.5.49
   Compiling multiversx-sc-codec v0.22.0
   Compiling clap v4.5.51
   Compiling multiversx-chain-core v0.14.0
   Compiling multiversx-sc v0.57.1
   Compiling wat v1.240.0
   Compiling toml_datetime v0.6.11
   Compiling serde_spanned v0.6.9
   Compiling hashbrown v0.15.5
   Compiling toml_edit v0.22.27
   Compiling toml v0.8.23
   Compiling voting v0.1.0 (/Users/kaan/Desktop/XTract/demo/voting)
error: unexpected end of macro invocation
   --> /Users/kaan/Desktop/XTract/demo/voting/src/lib.rs:36:76
    |
36  |         require!(self.blockchain().get_caller() == self.chairperson().get());
    |                                                                            ^ missing tokens in macro arguments
    |
note: while trying to match `,`
   --> /Users/kaan/.cargo/registry/src/index.crates.io-1949cf8c6b5b557f/multiversx-sc-0.57.1/src/macros.rs:102:22
    |
102 |     ($expression:expr, $($msg_tokens:tt),+  $(,)?) => {
    |                      ^

error: unexpected end of macro invocation
   --> /Users/kaan/Desktop/XTract/demo/voting/src/lib.rs:43:58
    |
43  |         require!(proposalId < self.proposal_count().get());
    |                                                          ^ missing tokens in macro arguments
    |
note: while trying to match `,`
   --> /Users/kaan/.cargo/registry/src/index.crates.io-1949cf8c6b5b557f/multiversx-sc-0.57.1/src/macros.rs:102:22
    |
102 |     ($expression:expr, $($msg_tokens:tt),+  $(,)?) => {
    |                      ^

error: unexpected end of macro invocation
   --> /Users/kaan/Desktop/XTract/demo/voting/src/lib.rs:44:49
    |
44  |         require!(self.has_voted().get() == false);
    |                                                 ^ missing tokens in macro arguments
    |
note: while trying to match `,`
   --> /Users/kaan/.cargo/registry/src/index.crates.io-1949cf8c6b5b557f/multiversx-sc-0.57.1/src/macros.rs:102:22
    |
102 |     ($expression:expr, $($msg_tokens:tt),+  $(,)?) => {
    |                      ^

warning: unused import: `multiversx_sc::derive_imports::*`
 --> /Users/kaan/Desktop/XTract/demo/voting/src/lib.rs:4:5
  |
4 | use multiversx_sc::derive_imports::*;
  |     ^^^^^^^^^^^^^^^^^^^^^^^^^^^^^^^^
  |
  = note: `#[warn(unused_imports)]` on by default

warning: `voting` (lib) generated 1 warning
error: could not compile `voting` (lib) due to 3 previous errors; 1 warning emitted
warning: build failed, waiting for other jobs to finish...

thread 'main' panicked at /Users/kaan/.cargo/registry/src/index.crates.io-1949cf8c6b5b557f/multiversx-sc-meta-0.62.1/src/cmd/all.rs:59:5:
contract meta process failed
note: run with `RUST_BACKTRACE=1` environment variable to display a backtrace
[1;33m=== Processing Crowdfunding ===[0m
[0;32mâœ“ Copied Rust source[0m
[0;32mâœ“ Created project structure[0m
[0;34mBuilding Crowdfunding...[0m
[0;31mâœ— Build failed[0m
Build log:
    Updating crates.io index
     Locking 142 packages to latest compatible versions
      Adding bitflags v2.9.0 (available: v2.10.0)
      Adding multiversx-sc v0.57.1 (available: v0.62.1)
      Adding multiversx-sc-codec v0.22.0 (available: v0.22.1)
      Adding multiversx-sc-codec-derive v0.22.0 (available: v0.22.1)
      Adding multiversx-sc-scenario v0.57.1 (available: v0.62.1)
      Adding proc-macro2 v1.0.94 (available: v1.0.103)
      Adding quote v1.0.39 (available: v1.0.41)
      Adding syn v2.0.100 (available: v2.0.108)
 /Users/kaan/Desktop/XTract/demo/crowdfunding

Found 1 contract crates.

(1/1)
In /Users/kaan/Desktop/XTract/demo/crowdfunding/meta
Calling `cargo run build`
    Updating crates.io index
     Locking 100 packages to latest compatible versions
      Adding bitflags v2.9.0 (available: v2.10.0)
      Adding multiversx-sc-codec v0.22.0 (available: v0.22.1)
      Adding multiversx-sc-codec-derive v0.22.0 (available: v0.22.1)
      Adding multiversx-sc-meta-lib v0.57.1 (available: v0.62.1)
      Adding proc-macro2 v1.0.94 (available: v1.0.103)
      Adding quote v1.0.39 (available: v1.0.41)
      Adding syn v2.0.100 (available: v2.0.108)
   Compiling proc-macro2 v1.0.94
   Compiling unicode-ident v1.0.22
   Compiling serde_core v1.0.228
   Compiling autocfg v1.5.0
   Compiling serde v1.0.228
   Compiling bitflags v2.9.0
   Compiling hex v0.4.3
   Compiling typenum v1.19.0
   Compiling smallvec v1.15.1
   Compiling equivalent v1.0.2
   Compiling rustversion v1.0.22
   Compiling hashbrown v0.16.0
   Compiling nibble_vec v0.1.0
   Compiling endian-type v0.1.2
   Compiling unwrap-infallible v0.1.5
   Compiling utf8parse v0.2.2
   Compiling wasm-encoder v0.240.0
   Compiling arrayvec v0.7.6
   Compiling anstyle-parse v0.2.7
   Compiling num-traits v0.2.19
   Compiling radix_trie v0.2.1
   Compiling colorchoice v1.0.4
   Compiling is_terminal_polyfill v1.70.2
   Compiling anstyle-query v1.1.4
   Compiling anstyle v1.0.13
   Compiling wasmparser v0.227.1
   Compiling semver v1.0.27
   Compiling leb128fmt v0.1.0
   Compiling foldhash v0.1.5
   Compiling anyhow v1.0.100
   Compiling memchr v2.7.6
   Compiling anstream v0.6.21
   Compiling quote v1.0.39
   Compiling syn v2.0.100
   Compiling winnow v0.7.13
   Compiling toml_write v0.1.2
   Compiling heck v0.5.0
   Compiling clap_lex v0.7.6
   Compiling strsim v0.11.1
   Compiling hex-literal v0.4.1
   Compiling generic-array v1.3.5
   Compiling bumpalo v3.19.0
   Compiling serde_json v1.0.145
   Compiling unicode-width v0.2.2
   Compiling clap_builder v4.5.51
   Compiling itoa v1.0.15
   Compiling unicode-segmentation v1.12.0
   Compiling termcolor v1.4.1
   Compiling num-integer v0.1.46
   Compiling wast v240.0.0
   Compiling ryu v1.0.20
   Compiling convert_case v0.8.0
   Compiling num-bigint v0.4.6
   Compiling rustc_version v0.4.1
   Compiling colored v3.0.0
   Compiling lazy_static v1.5.0
   Compiling indexmap v2.12.0
   Compiling serde_derive v1.0.228
   Compiling multiversx-sc-codec-derive v0.22.0
   Compiling multiversx-sc-derive v0.57.1
   Compiling clap_derive v4.5.49
   Compiling multiversx-sc-codec v0.22.0
   Compiling clap v4.5.51
   Compiling multiversx-chain-core v0.14.0
   Compiling multiversx-sc v0.57.1
   Compiling wat v1.240.0
   Compiling serde_spanned v0.6.9
   Compiling toml_datetime v0.6.11
   Compiling hashbrown v0.15.5
   Compiling toml_edit v0.22.27
   Compiling toml v0.8.23
   Compiling crowdfunding v0.1.0 (/Users/kaan/Desktop/XTract/demo/crowdfunding)
error: custom attribute panicked
 --> /Users/kaan/Desktop/XTract/demo/crowdfunding/src/lib.rs:6:1
  |
6 | #[multiversx_sc::contract]
  | ^^^^^^^^^^^^^^^^^^^^^^^^^^
  |
  = help: message: only 1 data argument allowed in event log

warning: unused import: `multiversx_sc::imports::*`
 --> /Users/kaan/Desktop/XTract/demo/crowdfunding/src/lib.rs:3:5
  |
3 | use multiversx_sc::imports::*;
  |     ^^^^^^^^^^^^^^^^^^^^^^^^^
  |
  = note: `#[warn(unused_imports)]` on by default

warning: unused import: `multiversx_sc::derive_imports::*`
 --> /Users/kaan/Desktop/XTract/demo/crowdfunding/src/lib.rs:4:5
  |
4 | use multiversx_sc::derive_imports::*;
  |     ^^^^^^^^^^^^^^^^^^^^^^^^^^^^^^^^

warning: `crowdfunding` (lib) generated 2 warnings
error: could not compile `crowdfunding` (lib) due to 1 previous error; 2 warnings emitted
warning: build failed, waiting for other jobs to finish...

thread 'main' panicked at /Users/kaan/.cargo/registry/src/index.crates.io-1949cf8c6b5b557f/multiversx-sc-meta-0.62.1/src/cmd/all.rs:59:5:
contract meta process failed
note: run with `RUST_BACKTRACE=1` environment variable to display a backtrace
[1;33m=== Processing NFTMarketplace ===[0m
[0;32mâœ“ Copied Rust source[0m
[0;32mâœ“ Created project structure[0m
[0;34mBuilding NFTMarketplace...[0m
[0;31mâœ— Build failed[0m
Build log:
    Updating crates.io index
     Locking 142 packages to latest compatible versions
      Adding bitflags v2.9.0 (available: v2.10.0)
      Adding multiversx-sc v0.57.1 (available: v0.62.1)
      Adding multiversx-sc-codec v0.22.0 (available: v0.22.1)
      Adding multiversx-sc-codec-derive v0.22.0 (available: v0.22.1)
      Adding multiversx-sc-scenario v0.57.1 (available: v0.62.1)
      Adding proc-macro2 v1.0.94 (available: v1.0.103)
      Adding quote v1.0.39 (available: v1.0.41)
      Adding syn v2.0.100 (available: v2.0.108)
 /Users/kaan/Desktop/XTract/demo/nftmarketplace

Found 1 contract crates.

(1/1)
In /Users/kaan/Desktop/XTract/demo/nftmarketplace/meta
Calling `cargo run build`
    Updating crates.io index
     Locking 100 packages to latest compatible versions
      Adding bitflags v2.9.0 (available: v2.10.0)
      Adding multiversx-sc-codec v0.22.0 (available: v0.22.1)
      Adding multiversx-sc-codec-derive v0.22.0 (available: v0.22.1)
      Adding multiversx-sc-meta-lib v0.57.1 (available: v0.62.1)
      Adding proc-macro2 v1.0.94 (available: v1.0.103)
      Adding quote v1.0.39 (available: v1.0.41)
      Adding syn v2.0.100 (available: v2.0.108)
   Compiling proc-macro2 v1.0.94
   Compiling unicode-ident v1.0.22
   Compiling serde_core v1.0.228
   Compiling autocfg v1.5.0
   Compiling serde v1.0.228
   Compiling bitflags v2.9.0
   Compiling hex v0.4.3
   Compiling typenum v1.19.0
   Compiling rustversion v1.0.22
   Compiling hashbrown v0.16.0
   Compiling smallvec v1.15.1
   Compiling equivalent v1.0.2
   Compiling arrayvec v0.7.6
   Compiling nibble_vec v0.1.0
   Compiling utf8parse v0.2.2
   Compiling unwrap-infallible v0.1.5
   Compiling wasm-encoder v0.240.0
   Compiling endian-type v0.1.2
   Compiling num-traits v0.2.19
   Compiling anstyle-parse v0.2.7
   Compiling radix_trie v0.2.1
   Compiling memchr v2.7.6
   Compiling foldhash v0.1.5
   Compiling anstyle v1.0.13
   Compiling semver v1.0.27
   Compiling is_terminal_polyfill v1.70.2
   Compiling wasmparser v0.227.1
   Compiling anstyle-query v1.1.4
   Compiling colorchoice v1.0.4
   Compiling anyhow v1.0.100
   Compiling leb128fmt v0.1.0
   Compiling anstream v0.6.21
   Compiling toml_write v0.1.2
   Compiling strsim v0.11.1
   Compiling hex-literal v0.4.1
   Compiling heck v0.5.0
   Compiling clap_lex v0.7.6
   Compiling quote v1.0.39
   Compiling bumpalo v3.19.0
   Compiling winnow v0.7.13
   Compiling syn v2.0.100
   Compiling unicode-width v0.2.2
   Compiling serde_json v1.0.145
   Compiling clap_builder v4.5.51
   Compiling generic-array v1.3.5
   Compiling ryu v1.0.20
   Compiling unicode-segmentation v1.12.0
   Compiling num-integer v0.1.46
   Compiling itoa v1.0.15
   Compiling num-bigint v0.4.6
   Compiling termcolor v1.4.1
   Compiling convert_case v0.8.0
   Compiling wast v240.0.0
   Compiling rustc_version v0.4.1
   Compiling indexmap v2.12.0
   Compiling colored v3.0.0
   Compiling lazy_static v1.5.0
   Compiling serde_derive v1.0.228
   Compiling multiversx-sc-codec-derive v0.22.0
   Compiling multiversx-sc-derive v0.57.1
   Compiling clap_derive v4.5.49
   Compiling multiversx-sc-codec v0.22.0
   Compiling clap v4.5.51
   Compiling multiversx-chain-core v0.14.0
   Compiling multiversx-sc v0.57.1
   Compiling wat v1.240.0
   Compiling hashbrown v0.15.5
   Compiling toml_datetime v0.6.11
   Compiling serde_spanned v0.6.9
   Compiling toml_edit v0.22.27
   Compiling toml v0.8.23
   Compiling nftmarketplace v0.1.0 (/Users/kaan/Desktop/XTract/demo/nftmarketplace)
error: unexpected end of macro invocation
   --> /Users/kaan/Desktop/XTract/demo/nftmarketplace/src/lib.rs:51:78
    |
51  |         require!(self.current_owner().get() == self.blockchain().get_caller());
    |                                                                              ^ missing tokens in macro arguments
    |
note: while trying to match `,`
   --> /Users/kaan/.cargo/registry/src/index.crates.io-1949cf8c6b5b557f/multiversx-sc-0.57.1/src/macros.rs:102:22
    |
102 |     ($expression:expr, $($msg_tokens:tt),+  $(,)?) => {
    |                      ^

error: unexpected end of macro invocation
   --> /Users/kaan/Desktop/XTract/demo/nftmarketplace/src/lib.rs:59:55
    |
59  |         require!(self.current_for_sale().get() == true);
    |                                                       ^ missing tokens in macro arguments
    |
note: while trying to match `,`
   --> /Users/kaan/.cargo/registry/src/index.crates.io-1949cf8c6b5b557f/multiversx-sc-0.57.1/src/macros.rs:102:22
    |
102 |     ($expression:expr, $($msg_tokens:tt),+  $(,)?) => {
    |                      ^

warning: unused import: `multiversx_sc::derive_imports::*`
 --> /Users/kaan/Desktop/XTract/demo/nftmarketplace/src/lib.rs:4:5
  |
4 | use multiversx_sc::derive_imports::*;
  |     ^^^^^^^^^^^^^^^^^^^^^^^^^^^^^^^^
  |
  = note: `#[warn(unused_imports)]` on by default

error[E0277]: the trait bound `&{integer}: Borrow<BigUint<<Self as ContractBase>::Api>>` is not satisfied
  --> /Users/kaan/Desktop/XTract/demo/nftmarketplace/src/lib.rs:43:34
   |
43 |         self.current_price().set(&0);
   |                              --- ^^ unsatisfied trait bound
   |                              |
   |                              required by a bound introduced by this call
   |
   = help: the trait `Borrow<multiversx_sc::types::BigUint<<Self as multiversx_sc::contract_base::ContractBase>::Api>>` is not implemented for `&{integer}`
note: required by a bound in `multiversx_sc::imports::SingleValueMapper::<SA, T>::set`
  --> /Users/kaan/.cargo/registry/src/index.crates.io-1949cf8c6b5b557f/multiversx-sc-0.57.1/src/storage/mappers/single_value_mapper.rs:95:13
   |
93 |     pub fn set<BT>(&self, new_value: BT)
   |            --- required by a bound in this associated function
94 |     where
95 |         BT: Borrow<T>,
   |             ^^^^^^^^^ required by this bound in `SingleValueMapper::<SA, T>::set`
   = note: the full name for the type has been written to '/Users/kaan/Desktop/XTract/demo/nftmarketplace/meta/target/debug/deps/nftmarketplace.long-type-5507540350270499119.txt'
   = note: consider using `--verbose` to print the full type name to the console

For more information about this error, try `rustc --explain E0277`.
warning: `nftmarketplace` (lib) generated 1 warning
error: could not compile `nftmarketplace` (lib) due to 3 previous errors; 1 warning emitted
warning: build failed, waiting for other jobs to finish...

thread 'main' panicked at /Users/kaan/.cargo/registry/src/index.crates.io-1949cf8c6b5b557f/multiversx-sc-meta-0.62.1/src/cmd/all.rs:59:5:
contract meta process failed
note: run with `RUST_BACKTRACE=1` environment variable to display a backtrace
[0;34m=== All done! ===[0m
